<?xml version="1.0" encoding="UTF-8"?>
<!-- Generated by org.testng.reporters.JUnitXMLReporter -->
<testsuite ignored="0" hostname="LAPTOP-82F3E13C" failures="0" tests="2" name="Test" time="22.577" errors="0" timestamp="2025-04-11T00:06:39 IST">
  <testcase classname="testscripts.SubCategoryTest" name="verifyWhetherUserIsAbleToAddANewCategoryOnTheSubCategoryPage" time="7.321"/>
  <testcase classname="testscripts.SubCategoryTest" name="verifyWhetherUserIsAbleToPerformSearchOnTheSubCategoryPage" time="2.859"/>
</testsuite> <!-- Test -->
