<?xml version="1.0" encoding="UTF-8"?>
<testng-results ignored="0" total="2" passed="2" failed="0" skipped="0">
  <reporter-output>
  </reporter-output>
  <suite started-at="2025-04-11T00:06:16 IST" name="Suite" finished-at="2025-04-11T00:06:39 IST" duration-ms="22577">
    <groups>
    </groups>
    <test started-at="2025-04-11T00:06:16 IST" name="Test" finished-at="2025-04-11T00:06:39 IST" duration-ms="22577">
      <class name="testscripts.SubCategoryTest">
        <test-method is-config="true" signature="initialiseBrowser(java.lang.String)[pri:0, instance:testscripts.SubCategoryTest@47caedad]" started-at="2025-04-11T00:06:16 IST" name="initialiseBrowser" finished-at="2025-04-11T00:06:26 IST" duration-ms="10157" status="PASS">
          <params>
            <param index="0">
              <value>
                <![CDATA[Chrome]]>
              </value>
            </param>
          </params>
          <reporter-output>
          </reporter-output>
        </test-method> <!-- initialiseBrowser -->
        <test-method signature="verifyWhetherUserIsAbleToAddANewCategoryOnTheSubCategoryPage()[pri:1, instance:testscripts.SubCategoryTest@47caedad]" started-at="2025-04-11T00:06:26 IST" name="verifyWhetherUserIsAbleToAddANewCategoryOnTheSubCategoryPage" description="Verify whether user is able to add a new category on the subcategory page" finished-at="2025-04-11T00:06:34 IST" duration-ms="7321" status="PASS">
          <reporter-output>
          </reporter-output>
        </test-method> <!-- verifyWhetherUserIsAbleToAddANewCategoryOnTheSubCategoryPage -->
        <test-method is-config="true" signature="driverQuit(org.testng.ITestResult)[pri:0, instance:testscripts.SubCategoryTest@47caedad]" started-at="2025-04-11T00:06:34 IST" name="driverQuit" finished-at="2025-04-11T00:06:34 IST" duration-ms="1" status="PASS">
          <params>
            <param index="0">
              <value>
                <![CDATA[[TestResult name=verifyWhetherUserIsAbleToAddANewCategoryOnTheSubCategoryPage status=SUCCESS method=SubCategoryTest.verifyWhetherUserIsAbleToAddANewCategoryOnTheSubCategoryPage()[pri:1, instance:testscripts.SubCategoryTest@47caedad] output={null}]]]>
              </value>
            </param>
          </params>
          <reporter-output>
          </reporter-output>
        </test-method> <!-- driverQuit -->
        <test-method is-config="true" signature="initialiseBrowser(java.lang.String)[pri:0, instance:testscripts.SubCategoryTest@47caedad]" started-at="2025-04-11T00:06:34 IST" name="initialiseBrowser" finished-at="2025-04-11T00:06:36 IST" duration-ms="2150" status="PASS">
          <params>
            <param index="0">
              <value>
                <![CDATA[Chrome]]>
              </value>
            </param>
          </params>
          <reporter-output>
          </reporter-output>
        </test-method> <!-- initialiseBrowser -->
        <test-method signature="verifyWhetherUserIsAbleToPerformSearchOnTheSubCategoryPage()[pri:2, instance:testscripts.SubCategoryTest@47caedad]" started-at="2025-04-11T00:06:36 IST" name="verifyWhetherUserIsAbleToPerformSearchOnTheSubCategoryPage" description="Verify whether user is able to perform search on the subcategory page" finished-at="2025-04-11T00:06:39 IST" duration-ms="2859" status="PASS">
          <reporter-output>
          </reporter-output>
        </test-method> <!-- verifyWhetherUserIsAbleToPerformSearchOnTheSubCategoryPage -->
        <test-method is-config="true" signature="driverQuit(org.testng.ITestResult)[pri:0, instance:testscripts.SubCategoryTest@47caedad]" started-at="2025-04-11T00:06:39 IST" name="driverQuit" finished-at="2025-04-11T00:06:39 IST" duration-ms="5" status="PASS">
          <params>
            <param index="0">
              <value>
                <![CDATA[[TestResult name=verifyWhetherUserIsAbleToPerformSearchOnTheSubCategoryPage status=SUCCESS method=SubCategoryTest.verifyWhetherUserIsAbleToPerformSearchOnTheSubCategoryPage()[pri:2, instance:testscripts.SubCategoryTest@47caedad] output={null}]]]>
              </value>
            </param>
          </params>
          <reporter-output>
          </reporter-output>
        </test-method> <!-- driverQuit -->
      </class> <!-- testscripts.SubCategoryTest -->
    </test> <!-- Test -->
  </suite> <!-- Suite -->
</testng-results>
